<?xml version="1.0" encoding="UTF-8"?>
<testsuite xmlns:xsi="http://www.w3.org/2001/XMLSchema-instance" xsi:noNamespaceSchemaLocation="https://maven.apache.org/surefire/maven-surefire-plugin/xsd/surefire-test-report.xsd" name="cl.kibernum.ProductManagerTest" time="0.106" tests="14" errors="0" skipped="3" failures="0">
  <properties>
    <property name="java.specification.version" value="23"/>
    <property name="sun.cpu.isalist" value="amd64"/>
    <property name="sun.jnu.encoding" value="Cp1252"/>
    <property name="java.class.path" value="C:\Users\Violet\Desktop\test\productmanager\target\test-classes;C:\Users\Violet\Desktop\test\productmanager\target\classes;C:\Users\Violet\.m2\repository\org\junit\jupiter\junit-jupiter\5.10.2\junit-jupiter-5.10.2.jar;C:\Users\Violet\.m2\repository\org\junit\jupiter\junit-jupiter-api\5.10.2\junit-jupiter-api-5.10.2.jar;C:\Users\Violet\.m2\repository\org\opentest4j\opentest4j\1.3.0\opentest4j-1.3.0.jar;C:\Users\Violet\.m2\repository\org\junit\platform\junit-platform-commons\1.10.2\junit-platform-commons-1.10.2.jar;C:\Users\Violet\.m2\repository\org\apiguardian\apiguardian-api\1.1.2\apiguardian-api-1.1.2.jar;C:\Users\Violet\.m2\repository\org\junit\jupiter\junit-jupiter-params\5.10.2\junit-jupiter-params-5.10.2.jar;C:\Users\Violet\.m2\repository\org\junit\jupiter\junit-jupiter-engine\5.10.2\junit-jupiter-engine-5.10.2.jar;C:\Users\Violet\.m2\repository\org\junit\platform\junit-platform-engine\1.10.2\junit-platform-engine-1.10.2.jar;C:\Users\Violet\.m2\repository\org\hamcrest\hamcrest\2.2\hamcrest-2.2.jar;"/>
    <property name="java.vm.vendor" value="Oracle Corporation"/>
    <property name="sun.arch.data.model" value="64"/>
    <property name="user.variant" value=""/>
    <property name="java.vendor.url" value="https://java.oracle.com/"/>
    <property name="user.timezone" value="America/Santiago"/>
    <property name="os.name" value="Windows 10"/>
    <property name="java.vm.specification.version" value="23"/>
    <property name="sun.java.launcher" value="SUN_STANDARD"/>
    <property name="user.country" value="CL"/>
    <property name="sun.boot.library.path" value="C:\Program Files\Java\jdk-23\bin"/>
    <property name="sun.java.command" value="C:\Users\Violet\AppData\Local\Temp\surefire3745029891200656319\surefirebooter10597021351153271328.jar C:\Users\Violet\AppData\Local\Temp\surefire3745029891200656319 2025-07-14T21-54-18_827-jvmRun1 surefire4872159601627232854tmp surefire_014953064734477750354tmp"/>
    <property name="jdk.debug" value="release"/>
    <property name="surefire.test.class.path" value="C:\Users\Violet\Desktop\test\productmanager\target\test-classes;C:\Users\Violet\Desktop\test\productmanager\target\classes;C:\Users\Violet\.m2\repository\org\junit\jupiter\junit-jupiter\5.10.2\junit-jupiter-5.10.2.jar;C:\Users\Violet\.m2\repository\org\junit\jupiter\junit-jupiter-api\5.10.2\junit-jupiter-api-5.10.2.jar;C:\Users\Violet\.m2\repository\org\opentest4j\opentest4j\1.3.0\opentest4j-1.3.0.jar;C:\Users\Violet\.m2\repository\org\junit\platform\junit-platform-commons\1.10.2\junit-platform-commons-1.10.2.jar;C:\Users\Violet\.m2\repository\org\apiguardian\apiguardian-api\1.1.2\apiguardian-api-1.1.2.jar;C:\Users\Violet\.m2\repository\org\junit\jupiter\junit-jupiter-params\5.10.2\junit-jupiter-params-5.10.2.jar;C:\Users\Violet\.m2\repository\org\junit\jupiter\junit-jupiter-engine\5.10.2\junit-jupiter-engine-5.10.2.jar;C:\Users\Violet\.m2\repository\org\junit\platform\junit-platform-engine\1.10.2\junit-platform-engine-1.10.2.jar;C:\Users\Violet\.m2\repository\org\hamcrest\hamcrest\2.2\hamcrest-2.2.jar;"/>
    <property name="sun.cpu.endian" value="little"/>
    <property name="user.home" value="C:\Users\Violet"/>
    <property name="user.language" value="es"/>
    <property name="java.specification.vendor" value="Oracle Corporation"/>
    <property name="java.version.date" value="2025-01-21"/>
    <property name="java.home" value="C:\Program Files\Java\jdk-23"/>
    <property name="file.separator" value="\"/>
    <property name="basedir" value="C:\Users\Violet\Desktop\test\productmanager"/>
    <property name="java.vm.compressedOopsMode" value="Zero based"/>
    <property name="line.separator" value="&#10;"/>
    <property name="java.vm.specification.vendor" value="Oracle Corporation"/>
    <property name="java.specification.name" value="Java Platform API Specification"/>
    <property name="surefire.real.class.path" value="C:\Users\Violet\AppData\Local\Temp\surefire3745029891200656319\surefirebooter10597021351153271328.jar"/>
    <property name="user.script" value=""/>
    <property name="sun.management.compiler" value="HotSpot 64-Bit Tiered Compilers"/>
    <property name="java.runtime.version" value="23.0.2+7-58"/>
    <property name="user.name" value="Violet"/>
    <property name="stdout.encoding" value="Cp1252"/>
    <property name="path.separator" value=";"/>
    <property name="os.version" value="10.0"/>
    <property name="java.runtime.name" value="Java(TM) SE Runtime Environment"/>
    <property name="file.encoding" value="UTF-8"/>
    <property name="java.vm.name" value="Java HotSpot(TM) 64-Bit Server VM"/>
    <property name="localRepository" value="C:\Users\Violet\.m2\repository"/>
    <property name="java.vendor.url.bug" value="https://bugreport.java.com/bugreport/"/>
    <property name="java.io.tmpdir" value="C:\Users\Violet\AppData\Local\Temp\"/>
    <property name="java.version" value="23.0.2"/>
    <property name="user.dir" value="C:\Users\Violet\Desktop\test\productmanager"/>
    <property name="os.arch" value="amd64"/>
    <property name="java.vm.specification.name" value="Java Virtual Machine Specification"/>
    <property name="sun.os.patch.level" value=""/>
    <property name="native.encoding" value="Cp1252"/>
    <property name="java.library.path" value="C:\Program Files\Java\jdk-23\bin;C:\Windows\Sun\Java\bin;C:\Windows\system32;C:\Windows;C:\Program Files\Common Files\Oracle\Java\javapath;C:\Python313\Scripts\;C:\Python313\;C:\Windows\system32;C:\Windows;C:\Windows\System32\Wbem;C:\Windows\System32\WindowsPowerShell\v1.0\;C:\Windows\System32\OpenSSH\;C:\Program Files (x86)\NVIDIA Corporation\PhysX\Common;C:\Program Files\dotnet\;C:\Program Files\nodejs\;C:\ProgramData\chocolatey\bin;C:\Program Files\Git\cmd;C:\Program Files\Apache\Maven\apache-maven-3.9.9\bin;C:\Users\Violet\.jdks\corretto-11.0.26\bin;C:\Program Files\Docker\Docker\resources\bin;C:\Program Files\PuTTY\;C:\Users\Violet\AppData\Local\Programs\Python\Python310\;C:\Users\Violet\AppData\Local\Programs\Python\Python310\Scripts\;C:\Users\Violet\AppData\Local\Microsoft\WindowsApps;C:\Users\Violet\AppData\Roaming\npm;C:\Users\Violet\AppData\Local\Programs\Microsoft VS Code\bin;C:\Program Files\JetBrains\IntelliJ IDEA Community Edition 2024.3.3\bin;;C:\Program Files\heroku\bin;;C:\Program Files\JetBrains\PyCharm Community Edition 2024.3.5\bin;;."/>
    <property name="java.vm.info" value="mixed mode, sharing"/>
    <property name="stderr.encoding" value="Cp1252"/>
    <property name="java.vendor" value="Oracle Corporation"/>
    <property name="java.vm.version" value="23.0.2+7-58"/>
    <property name="sun.io.unicode.encoding" value="UnicodeLittle"/>
    <property name="java.class.version" value="67.0"/>
  </properties>
  <testcase name="actualizarProducto_debeActualizarUnProducto" classname="cl.kibernum.ProductManagerTest" time="0.017"/>
  <testcase name="testAgregarProductoSoloSiEsValido{String, String, double, boolean}[1]" classname="cl.kibernum.ProductManagerTest" time="0.019"/>
  <testcase name="testAgregarProductoSoloSiEsValido{String, String, double, boolean}[2]" classname="cl.kibernum.ProductManagerTest" time="0">
    <skipped message="Assumption failed: Producto no valido" type="org.opentest4j.TestAbortedException">org.opentest4j.TestAbortedException: Assumption failed: Producto no valido
	at cl.kibernum.ProductManagerTest.testAgregarProductoSoloSiEsValido(ProductManagerTest.java:122)
</skipped>
    <system-out><![CDATA[Limpiando Informacion
]]></system-out>
  </testcase>
  <testcase name="testAgregarProductoSoloSiEsValido{String, String, double, boolean}[3]" classname="cl.kibernum.ProductManagerTest" time="0">
    <skipped message="Assumption failed: Producto no valido" type="org.opentest4j.TestAbortedException">org.opentest4j.TestAbortedException: Assumption failed: Producto no valido
	at cl.kibernum.ProductManagerTest.testAgregarProductoSoloSiEsValido(ProductManagerTest.java:122)
</skipped>
    <system-out><![CDATA[Limpiando Informacion
]]></system-out>
  </testcase>
  <testcase name="testAgregarProductoSoloSiEsValido{String, String, double, boolean}[4]" classname="cl.kibernum.ProductManagerTest" time="0">
    <skipped message="Assumption failed: Producto no valido" type="org.opentest4j.TestAbortedException">org.opentest4j.TestAbortedException: Assumption failed: Producto no valido
	at cl.kibernum.ProductManagerTest.testAgregarProductoSoloSiEsValido(ProductManagerTest.java:122)
</skipped>
    <system-out><![CDATA[Limpiando Informacion
]]></system-out>
  </testcase>
  <testcase name="testValidarProducto{String, String, double, boolean}[1]" classname="cl.kibernum.ProductManagerTest" time="0.001"/>
  <testcase name="testValidarProducto{String, String, double, boolean}[2]" classname="cl.kibernum.ProductManagerTest" time="0.001"/>
  <testcase name="testValidarProducto{String, String, double, boolean}[3]" classname="cl.kibernum.ProductManagerTest" time="0.001"/>
  <testcase name="testValidarProducto{String, String, double, boolean}[4]" classname="cl.kibernum.ProductManagerTest" time="0.001"/>
  <testcase name="validarPrecio_precioDebeSerPositivo" classname="cl.kibernum.ProductManagerTest" time="0"/>
  <testcase name="borrarProducto_debeBorrarUnProducto" classname="cl.kibernum.ProductManagerTest" time="0"/>
  <testcase name="validarNombre_nombreDebeSerValido" classname="cl.kibernum.ProductManagerTest" time="0.001"/>
  <testcase name="validarDescripcion_descripcionDebeSerValida" classname="cl.kibernum.ProductManagerTest" time="0.001"/>
  <testcase name="agregarProducto_debeAgregaUnProducto" classname="cl.kibernum.ProductManagerTest" time="0.003"/>
</testsuite>