<?xml version="1.0" encoding="UTF-8"?>
<testsuite xmlns:xsi="http://www.w3.org/2001/XMLSchema-instance" xsi:noNamespaceSchemaLocation="https://maven.apache.org/surefire/maven-surefire-plugin/xsd/surefire-test-report.xsd" name="cl.kibernum.ProductManagerTest" time="0.106" tests="14" errors="0" skipped="3" failures="0">
  <properties>
[...]
</properties>
  <testcase name="actualizarProducto_debeActualizarUnProducto" classname="cl.kibernum.ProductManagerTest" time="0.017"/>
  <testcase name="testAgregarProductoSoloSiEsValido{String, String, double, boolean}[1]" classname="cl.kibernum.ProductManagerTest" time="0.019"/>
  <testcase name="testAgregarProductoSoloSiEsValido{String, String, double, boolean}[2]" classname="cl.kibernum.ProductManagerTest" time="0">
    <skipped message="Assumption failed: Producto no valido" type="org.opentest4j.TestAbortedException">org.opentest4j.TestAbortedException: Assumption failed: Producto no valido
	at cl.kibernum.ProductManagerTest.testAgregarProductoSoloSiEsValido(ProductManagerTest.java:122)
</skipped>
    <system-out><![CDATA[Limpiando Informacion
]]></system-out>
  </testcase>
  <testcase name="testAgregarProductoSoloSiEsValido{String, String, double, boolean}[3]" classname="cl.kibernum.ProductManagerTest" time="0">
    <skipped message="Assumption failed: Producto no valido" type="org.opentest4j.TestAbortedException">org.opentest4j.TestAbortedException: Assumption failed: Producto no valido
	at cl.kibernum.ProductManagerTest.testAgregarProductoSoloSiEsValido(ProductManagerTest.java:122)
</skipped>
    <system-out><![CDATA[Limpiando Informacion
]]></system-out>
  </testcase>
  <testcase name="testAgregarProductoSoloSiEsValido{String, String, double, boolean}[4]" classname="cl.kibernum.ProductManagerTest" time="0">
    <skipped message="Assumption failed: Producto no valido" type="org.opentest4j.TestAbortedException">org.opentest4j.TestAbortedException: Assumption failed: Producto no valido
	at cl.kibernum.ProductManagerTest.testAgregarProductoSoloSiEsValido(ProductManagerTest.java:122)
</skipped>
    <system-out><![CDATA[Limpiando Informacion
]]></system-out>
  </testcase>
  <testcase name="testValidarProducto{String, String, double, boolean}[1]" classname="cl.kibernum.ProductManagerTest" time="0.001"/>
  <testcase name="testValidarProducto{String, String, double, boolean}[2]" classname="cl.kibernum.ProductManagerTest" time="0.001"/>
  <testcase name="testValidarProducto{String, String, double, boolean}[3]" classname="cl.kibernum.ProductManagerTest" time="0.001"/>
  <testcase name="testValidarProducto{String, String, double, boolean}[4]" classname="cl.kibernum.ProductManagerTest" time="0.001"/>
  <testcase name="validarPrecio_precioDebeSerPositivo" classname="cl.kibernum.ProductManagerTest" time="0"/>
  <testcase name="borrarProducto_debeBorrarUnProducto" classname="cl.kibernum.ProductManagerTest" time="0"/>
  <testcase name="validarNombre_nombreDebeSerValido" classname="cl.kibernum.ProductManagerTest" time="0.001"/>
  <testcase name="validarDescripcion_descripcionDebeSerValida" classname="cl.kibernum.ProductManagerTest" time="0.001"/>
  <testcase name="agregarProducto_debeAgregaUnProducto" classname="cl.kibernum.ProductManagerTest" time="0.003"/>
</testsuite>